2025/03/17 05:39:15 maxprocs: Leaving GOMAXPROCS=8: CPU quota undefined
{"level":"info","ts":1742189955.8170369,"caller":"flags/service.go:119","msg":"Mounting metrics handler on admin server","route":"/metrics"}
{"level":"info","ts":1742189955.8170576,"caller":"flags/service.go:125","msg":"Mounting expvar handler on admin server","route":"/debug/vars"}
{"level":"info","ts":1742189955.8171637,"caller":"flags/admin.go:129","msg":"Mounting health check on admin server","route":"/"}
{"level":"info","ts":1742189955.8171847,"caller":"flags/admin.go:143","msg":"Starting admin HTTP server","http-addr":":14269"}
{"level":"info","ts":1742189955.8171945,"caller":"flags/admin.go:121","msg":"Admin server started","http.host-port":"[::]:14269","health-status":"unavailable"}
{"level":"info","ts":1742189955.8179147,"caller":"memory/factory.go:66","msg":"Memory storage initialized","configuration":{"MaxTraces":0}}
{"level":"info","ts":1742189955.8181665,"caller":"static/strategy_store.go:138","msg":"Loading sampling strategies","filename":"/etc/jaeger/sampling_strategies.json"}
{"level":"info","ts":1742189955.8293493,"caller":"channelz/funcs.go:340","msg":"[core][Server #1] Server created","system":"grpc","grpc_log":true}
{"level":"info","ts":1742189955.8294013,"caller":"server/grpc.go:104","msg":"Starting jaeger-collector gRPC server","grpc.host-port":"[::]:14250"}
{"level":"info","ts":1742189955.8294103,"caller":"server/http.go:56","msg":"Starting jaeger-collector HTTP server","http host-port":":14268"}
{"level":"info","ts":1742189955.8294744,"caller":"server/zipkin.go:52","msg":"Not listening for Zipkin HTTP traffic, port not configured"}
{"level":"warn","ts":1742189955.8294923,"caller":"internal/warning.go:51","msg":"Using the 0.0.0.0 address exposes this server to every network interface, which may facilitate Denial of Service attacks","documentation":"https://github.com/open-telemetry/opentelemetry-collector/blob/main/docs/security-best-practices.md#safeguards-against-denial-of-service-attacks"}
{"level":"info","ts":1742189955.8295305,"caller":"channelz/funcs.go:340","msg":"[core][Server #2] Server created","system":"grpc","grpc_log":true}
{"level":"info","ts":1742189955.8295345,"caller":"otlpreceiver@v0.70.0/otlp.go:94","msg":"Starting GRPC server","endpoint":"0.0.0.0:4317"}
{"level":"warn","ts":1742189955.8295643,"caller":"internal/warning.go:51","msg":"Using the 0.0.0.0 address exposes this server to every network interface, which may facilitate Denial of Service attacks","documentation":"https://github.com/open-telemetry/opentelemetry-collector/blob/main/docs/security-best-practices.md#safeguards-against-denial-of-service-attacks"}
{"level":"info","ts":1742189955.8295732,"caller":"otlpreceiver@v0.70.0/otlp.go:112","msg":"Starting HTTP server","endpoint":"0.0.0.0:4318"}
{"level":"info","ts":1742189955.829586,"caller":"grpc/builder.go:73","msg":"Agent requested insecure grpc connection to collector(s)"}
{"level":"info","ts":1742189955.8295941,"caller":"channelz/funcs.go:340","msg":"[core][Channel #4] Channel created","system":"grpc","grpc_log":true}
{"level":"info","ts":1742189955.8296046,"caller":"channelz/funcs.go:340","msg":"[core][Channel #4] original dial target is: \":14250\"","system":"grpc","grpc_log":true}
{"level":"info","ts":1742189955.82959,"caller":"channelz/funcs.go:340","msg":"[core][Server #1 ListenSocket #3] ListenSocket created","system":"grpc","grpc_log":true}
{"level":"info","ts":1742189955.8296108,"caller":"channelz/funcs.go:340","msg":"[core][Channel #4] dial target \":14250\" parse failed: parse \":14250\": missing protocol scheme","system":"grpc","grpc_log":true}
{"level":"info","ts":1742189955.829627,"caller":"channelz/funcs.go:340","msg":"[core][Channel #4] fallback to scheme \"passthrough\"","system":"grpc","grpc_log":true}
{"level":"info","ts":1742189955.8296404,"caller":"channelz/funcs.go:340","msg":"[core][Server #2 ListenSocket #5] ListenSocket created","system":"grpc","grpc_log":true}
{"level":"info","ts":1742189955.8296418,"caller":"channelz/funcs.go:340","msg":"[core][Channel #4] parsed dial target is: {Scheme:passthrough Authority: Endpoint::14250 URL:{Scheme:passthrough Opaque: User: Host: Path:/:14250 RawPath: OmitHost:false ForceQuery:false RawQuery: Fragment: RawFragment:}}","system":"grpc","grpc_log":true}
{"level":"info","ts":1742189955.8296497,"caller":"channelz/funcs.go:340","msg":"[core][Channel #4] Channel authority set to \"localhost:14250\"","system":"grpc","grpc_log":true}
{"level":"info","ts":1742189955.8296926,"caller":"channelz/funcs.go:340","msg":"[core][Channel #4] Resolver state updated: {\n  \"Addresses\": [\n    {\n      \"Addr\": \":14250\",\n      \"ServerName\": \"\",\n      \"Attributes\": null,\n      \"BalancerAttributes\": null,\n      \"Type\": 0,\n      \"Metadata\": null\n    }\n  ],\n  \"ServiceConfig\": null,\n  \"Attributes\": null\n} (resolver returned new addresses)","system":"grpc","grpc_log":true}
{"level":"info","ts":1742189955.8297071,"caller":"channelz/funcs.go:340","msg":"[core][Channel #4] Channel switches to new LB policy \"round_robin\"","system":"grpc","grpc_log":true}
{"level":"info","ts":1742189955.8297381,"caller":"grpclog/component.go:55","msg":"[balancer]base.baseBalancer: got new ClientConn state: {{[{\n  \"Addr\": \":14250\",\n  \"ServerName\": \"\",\n  \"Attributes\": null,\n  \"BalancerAttributes\": null,\n  \"Type\": 0,\n  \"Metadata\": null\n}] <nil> <nil>} <nil>}","system":"grpc","grpc_log":true}
{"level":"info","ts":1742189955.8297539,"caller":"channelz/funcs.go:340","msg":"[core][Channel #4 SubChannel #6] Subchannel created","system":"grpc","grpc_log":true}
{"level":"info","ts":1742189955.8297615,"caller":"grpclog/component.go:71","msg":"[roundrobin]roundrobinPicker: Build called with info: {map[]}","system":"grpc","grpc_log":true}
{"level":"info","ts":1742189955.8297656,"caller":"channelz/funcs.go:340","msg":"[core][Channel #4] Channel Connectivity change to CONNECTING","system":"grpc","grpc_log":true}
{"level":"info","ts":1742189955.8298612,"caller":"grpc/builder.go:113","msg":"Checking connection to collector"}
{"level":"info","ts":1742189955.8298728,"caller":"grpc/builder.go:124","msg":"Agent collector connection state change","dialTarget":":14250","status":"CONNECTING"}
{"level":"info","ts":1742189955.8298829,"caller":"channelz/funcs.go:340","msg":"[core][Channel #4 SubChannel #6] Subchannel Connectivity change to CONNECTING","system":"grpc","grpc_log":true}
{"level":"info","ts":1742189955.8298883,"caller":"channelz/funcs.go:340","msg":"[core][Channel #4 SubChannel #6] Subchannel picks a new address \":14250\" to connect","system":"grpc","grpc_log":true}
{"level":"info","ts":1742189955.830909,"caller":"./main.go:256","msg":"Starting agent"}
{"level":"info","ts":1742189955.8309414,"caller":"querysvc/query_service.go:135","msg":"Archive storage not created","reason":"archive storage not supported"}
{"level":"info","ts":1742189955.830947,"caller":"app/flags.go:136","msg":"Archive storage not initialized"}
{"level":"info","ts":1742189955.831133,"caller":"channelz/funcs.go:340","msg":"[core][Server #7] Server created","system":"grpc","grpc_log":true}
{"level":"info","ts":1742189955.831164,"caller":"grpclog/component.go:71","msg":"[balancer]base.baseBalancer: handle SubConn state change: 0x4000426840, CONNECTING","system":"grpc","grpc_log":true}
{"level":"info","ts":1742189955.831739,"caller":"channelz/funcs.go:340","msg":"[core][Channel #9] Channel created","system":"grpc","grpc_log":true}
{"level":"info","ts":1742189955.831749,"caller":"channelz/funcs.go:340","msg":"[core][Channel #9] original dial target is: \":16685\"","system":"grpc","grpc_log":true}
{"level":"info","ts":1742189955.8317544,"caller":"channelz/funcs.go:340","msg":"[core][Channel #9] dial target \":16685\" parse failed: parse \":16685\": missing protocol scheme","system":"grpc","grpc_log":true}
{"level":"info","ts":1742189955.831757,"caller":"channelz/funcs.go:340","msg":"[core][Channel #9] fallback to scheme \"passthrough\"","system":"grpc","grpc_log":true}
{"level":"info","ts":1742189955.8317647,"caller":"channelz/funcs.go:340","msg":"[core][Channel #9] parsed dial target is: {Scheme:passthrough Authority: Endpoint::16685 URL:{Scheme:passthrough Opaque: User: Host: Path:/:16685 RawPath: OmitHost:false ForceQuery:false RawQuery: Fragment: RawFragment:}}","system":"grpc","grpc_log":true}
{"level":"info","ts":1742189955.831768,"caller":"channelz/funcs.go:340","msg":"[core][Channel #9] Channel authority set to \"localhost:16685\"","system":"grpc","grpc_log":true}
{"level":"info","ts":1742189955.8317792,"caller":"channelz/funcs.go:340","msg":"[core][Channel #9] Resolver state updated: {\n  \"Addresses\": [\n    {\n      \"Addr\": \":16685\",\n      \"ServerName\": \"\",\n      \"Attributes\": null,\n      \"BalancerAttributes\": null,\n      \"Type\": 0,\n      \"Metadata\": null\n    }\n  ],\n  \"ServiceConfig\": null,\n  \"Attributes\": null\n} (resolver returned new addresses)","system":"grpc","grpc_log":true}
{"level":"info","ts":1742189955.831794,"caller":"channelz/funcs.go:340","msg":"[core][Channel #9] Channel switches to new LB policy \"pick_first\"","system":"grpc","grpc_log":true}
{"level":"info","ts":1742189955.8318024,"caller":"channelz/funcs.go:340","msg":"[core][Channel #9 SubChannel #10] Subchannel created","system":"grpc","grpc_log":true}
{"level":"info","ts":1742189955.8318112,"caller":"channelz/funcs.go:340","msg":"[core][Channel #9] Channel Connectivity change to CONNECTING","system":"grpc","grpc_log":true}
{"level":"info","ts":1742189955.8312037,"caller":"app/agent.go:69","msg":"Starting jaeger-agent HTTP server","http-port":5778}
{"level":"info","ts":1742189955.8318987,"caller":"channelz/funcs.go:340","msg":"[core][Channel #4 SubChannel #6] Subchannel Connectivity change to READY","system":"grpc","grpc_log":true}
{"level":"info","ts":1742189955.8319051,"caller":"grpclog/component.go:71","msg":"[balancer]base.baseBalancer: handle SubConn state change: 0x4000426840, READY","system":"grpc","grpc_log":true}
{"level":"info","ts":1742189955.8319259,"caller":"grpclog/component.go:71","msg":"[roundrobin]roundrobinPicker: Build called with info: {map[0x4000426840:{{\n  \"Addr\": \":14250\",\n  \"ServerName\": \"\",\n  \"Attributes\": null,\n  \"BalancerAttributes\": null,\n  \"Type\": 0,\n  \"Metadata\": null\n}}]}","system":"grpc","grpc_log":true}
{"level":"info","ts":1742189955.8319616,"caller":"app/static_handler.go:181","msg":"UI config path not provided, config file will not be watched"}
{"level":"info","ts":1742189955.8320072,"caller":"app/server.go:218","msg":"Query server started","http_addr":"[::]:16686","grpc_addr":"[::]:16685"}
{"level":"info","ts":1742189955.832017,"caller":"healthcheck/handler.go:129","msg":"Health Check state change","status":"ready"}
{"level":"info","ts":1742189955.8320236,"caller":"app/server.go:301","msg":"Starting GRPC server","port":16685,"addr":":16685"}
{"level":"info","ts":1742189955.832028,"caller":"channelz/funcs.go:340","msg":"[core][Server #7 ListenSocket #12] ListenSocket created","system":"grpc","grpc_log":true}
{"level":"info","ts":1742189955.8320432,"caller":"channelz/funcs.go:340","msg":"[core][Channel #9 SubChannel #10] Subchannel Connectivity change to CONNECTING","system":"grpc","grpc_log":true}
{"level":"info","ts":1742189955.8320467,"caller":"channelz/funcs.go:340","msg":"[core][Channel #9 SubChannel #10] Subchannel picks a new address \":16685\" to connect","system":"grpc","grpc_log":true}
{"level":"info","ts":1742189955.831962,"caller":"channelz/funcs.go:340","msg":"[core][Channel #4] Channel Connectivity change to READY","system":"grpc","grpc_log":true}
{"level":"info","ts":1742189955.8321393,"caller":"grpc/builder.go:124","msg":"Agent collector connection state change","dialTarget":":14250","status":"READY"}
{"level":"info","ts":1742189955.832144,"caller":"app/server.go:282","msg":"Starting HTTP server","port":16686,"addr":":16686"}
{"level":"info","ts":1742189955.8321528,"caller":"grpclog/component.go:71","msg":"[core]pickfirstBalancer: UpdateSubConnState: 0x4000618060, {CONNECTING <nil>}","system":"grpc","grpc_log":true}
{"level":"info","ts":1742189955.8321662,"caller":"channelz/funcs.go:340","msg":"[core][Channel #9 SubChannel #10] Subchannel Connectivity change to READY","system":"grpc","grpc_log":true}
{"level":"info","ts":1742189955.8321726,"caller":"grpclog/component.go:71","msg":"[core]pickfirstBalancer: UpdateSubConnState: 0x4000618060, {READY <nil>}","system":"grpc","grpc_log":true}
{"level":"info","ts":1742189955.8321748,"caller":"channelz/funcs.go:340","msg":"[core][Channel #9] Channel Connectivity change to READY","system":"grpc","grpc_log":true}
{"level":"info","ts":1742191761.509643,"caller":"grpclog/component.go:71","msg":"[transport]transport: closing: EOF","system":"grpc","grpc_log":true}
{"level":"info","ts":1742191761.5113194,"caller":"grpclog/component.go:71","msg":"[transport]transport: loopyWriter exited. Closing connection. Err: transport closed by client","system":"grpc","grpc_log":true}